<?xml version="1.0" encoding="UTF-8"?>
<!-- Generated by org.testng.reporters.JUnitReportReporter -->
<testsuite skipped="0" hostname="DESKTOP-HNAEA5M" name="script.EnterButtonPopularProduct" tests="1" failures="0" timestamp="22 Sep 2017 07:25:48 GMT" time="26.367" errors="0">
  <testcase name="enterPop" time="26.367" classname="script.EnterButtonPopularProduct"/>
</testsuite> <!-- script.EnterButtonPopularProduct -->
