<?xml version="1.0" encoding="UTF-8"?>
<!-- Generated by org.testng.reporters.JUnitReportReporter -->
<testsuite skipped="0" hostname="DESKTOP-HNAEA5M" name="script.KeyboardPopularProduct" tests="1" failures="0" timestamp="15 Sep 2017 08:06:40 GMT" time="12.011" errors="0">
  <testcase name="popularProduct" time="12.011" classname="script.KeyboardPopularProduct"/>
</testsuite> <!-- script.KeyboardPopularProduct -->
