<?xml version="1.0" encoding="UTF-8"?>
<!-- Generated by org.testng.reporters.JUnitReportReporter -->
<testsuite skipped="0" hostname="DESKTOP-HNAEA5M" name="script.AutosuggestAndInfield" tests="2" failures="0" timestamp="11 Oct 2017 06:50:46 GMT" time="254.292" errors="0">
  <testcase name="autoSuggestIsComingOrNot" time="54.664" classname="script.AutosuggestAndInfield"/>
  <testcase name="EachLetter" time="199.628" classname="script.AutosuggestAndInfield"/>
</testsuite> <!-- script.AutosuggestAndInfield -->
