<?xml version="1.0" encoding="UTF-8"?>
<!-- Generated by org.testng.reporters.JUnitReportReporter -->
<testsuite skipped="0" hostname="DESKTOP-HNAEA5M" name="script.MaPbyMouse" tests="1" failures="0" timestamp="24 Sep 2017 05:38:00 GMT" time="95.920" errors="0">
  <testcase name="popularProductMouse" time="95.920" classname="script.MaPbyMouse"/>
</testsuite> <!-- script.MaPbyMouse -->
