<?xml version="1.0" encoding="UTF-8"?>
<!-- Generated by org.testng.reporters.JUnitReportReporter -->
<testsuite skipped="0" hostname="DESKTOP-HNAEA5M" name="script.MaPbyMouseandKeyboard" tests="1" failures="0" timestamp="03 Oct 2017 06:58:46 GMT" time="55.948" errors="0">
  <testcase name="popularProductMouse" time="55.948" classname="script.MaPbyMouseandKeyboard"/>
</testsuite> <!-- script.MaPbyMouseandKeyboard -->
