<?xml version="1.0" encoding="UTF-8"?>
<!-- Generated by org.testng.reporters.JUnitReportReporter -->
<testsuite skipped="0" hostname="DESKTOP-HNAEA5M" name="script.dickblick" tests="1" failures="0" timestamp="22 Sep 2017 07:44:24 GMT" time="21.756" errors="0">
  <testcase name="mm" time="21.756" classname="script.dickblick"/>
</testsuite> <!-- script.dickblick -->
