<?xml version="1.0" encoding="UTF-8"?>
<!-- Generated by org.testng.reporters.JUnitReportReporter -->
<testsuite skipped="0" hostname="DESKTOP-HNAEA5M" name="script.AutosuggestAndInfield2" tests="5" failures="0" timestamp="12 Oct 2017 07:45:08 GMT" time="207.421" errors="0">
  <testcase name="autoSuggestIsComingOrNot" time="26.034" classname="script.AutosuggestAndInfield2"/>
  <testcase name="EachLetter" time="79.159" classname="script.AutosuggestAndInfield2"/>
  <testcase name="withoutspace" time="66.181" classname="script.AutosuggestAndInfield2"/>
  <testcase name="keywordSuggestionIsCommingorNot" time="16.411" classname="script.AutosuggestAndInfield2"/>
  <testcase name="spaceandEnter" time="19.636" classname="script.AutosuggestAndInfield2"/>
</testsuite> <!-- script.AutosuggestAndInfield2 -->
