<?xml version="1.0" encoding="UTF-8"?>
<!-- Generated by org.testng.reporters.JUnitReportReporter -->
<testsuite skipped="0" hostname="DESKTOP-HNAEA5M" name="script.MaPbyKeyboard" tests="1" failures="0" timestamp="24 Sep 2017 04:47:18 GMT" time="58.234" errors="0">
  <testcase name="enterPop" time="58.234" classname="script.MaPbyKeyboard"/>
</testsuite> <!-- script.MaPbyKeyboard -->
