<?xml version="1.0" encoding="UTF-8"?>
<!-- Generated by org.testng.reporters.JUnitReportReporter -->
<testsuite skipped="0" hostname="DESKTOP-HNAEA5M" name="script.AutosuggestAndInfield" tests="1" failures="0" timestamp="12 Oct 2017 07:25:09 GMT" time="75.844" errors="0">
  <testcase name="withoutspace" time="75.844" classname="script.AutosuggestAndInfield"/>
</testsuite> <!-- script.AutosuggestAndInfield -->
